Using pre-set license
Built from '2020.3/staging' branch; Version is '2020.3.14f1 (d0d1bb862f9d) revision 13685179'; Using compiler version '192528614'; Build Type 'Release'
OS: 'Windows 10 Pro; OS build 19042.1110; Version 2009; 64bit' Language: 'ru' Physical Memory: 16334 MB
BatchMode: 1, IsHumanControllingUs: 0, StartBugReporterOnCrash: 0, Is64bit: 1, IsPro: 0

 COMMAND LINE ARGUMENTS:
E:\Unity\2020.3.14f1\Editor\Unity.exe
-adb2
-batchMode
-noUpm
-name
AssetImportWorker0
-projectPath
C:/Users/LuxComp/OneDrive/Рабочий стол/Games1/Terrains
-logFile
Logs/AssetImportWorker0.log
-srvPort
56525
Successfully changed project path to: C:/Users/LuxComp/OneDrive/Рабочий стол/Games1/Terrains
C:/Users/LuxComp/OneDrive/Рабочий стол/Games1/Terrains
Using Asset Import Pipeline V2.
Refreshing native plugins compatible for Editor in 39.24 ms, found 2 plugins.
Preloading 0 native plugins for Editor in 0.00 ms.
Initialize engine version: 2020.3.14f1 (d0d1bb862f9d)
[Subsystems] Discovering subsystems at path E:/Unity/2020.3.14f1/Editor/Data/Resources/UnitySubsystems
[Subsystems] Discovering subsystems at path C:/Users/LuxComp/OneDrive/Рабочий стол/Games1/Terrains/Assets
GfxDevice: creating device client; threaded=0
Direct3D:
    Version:  Direct3D 11.0 [level 11.1]
    Renderer: NVIDIA GeForce GTX 1080 Ti (ID=0x1b06)
    Vendor:   
    VRAM:     11127 MB
    Driver:   30.0.14.7111
Initialize mono
Mono path[0] = 'E:/Unity/2020.3.14f1/Editor/Data/Managed'
Mono path[1] = 'E:/Unity/2020.3.14f1/Editor/Data/MonoBleedingEdge/lib/mono/unityjit'
Mono config path = 'E:/Unity/2020.3.14f1/Editor/Data/MonoBleedingEdge/etc'
Using monoOptions --debugger-agent=transport=dt_socket,embedding=1,server=y,suspend=n,address=127.0.0.1:56320
Begin MonoManager ReloadAssembly
Registering precompiled unity dll's ...
Register platform support module: E:/Unity/2020.3.14f1/Editor/Data/PlaybackEngines/WindowsStandaloneSupport/UnityEditor.WindowsStandalone.Extensions.dll
Registered in 0.001142 seconds.
Native extension for WindowsStandalone target not found
Refreshing native plugins compatible for Editor in 51.67 ms, found 2 plugins.
Preloading 0 native plugins for Editor in 0.00 ms.
Mono: successfully reloaded assembly
- Completed reload, in  1.663 seconds
Domain Reload Profiling:
	ReloadAssembly (1664ms)
		BeginReloadAssembly (53ms)
			ExecutionOrderSort (0ms)
			DisableScriptedObjects (0ms)
			BackupInstance (0ms)
			ReleaseScriptingObjects (0ms)
			CreateAndSetChildDomain (1ms)
		EndReloadAssembly (479ms)
			LoadAssemblies (52ms)
			RebuildTransferFunctionScriptingTraits (0ms)
			SetupTypeCache (163ms)
			ReleaseScriptCaches (0ms)
			RebuildScriptCaches (42ms)
			SetupLoadedEditorAssemblies (194ms)
				LogAssemblyErrors (0ms)
				InitializePlatformSupportModulesInManaged (6ms)
				SetLoadedEditorAssemblies (0ms)
				RefreshPlugins (52ms)
				BeforeProcessingInitializeOnLoad (16ms)
				ProcessInitializeOnLoadAttributes (91ms)
				ProcessInitializeOnLoadMethodAttributes (30ms)
				AfterProcessingInitializeOnLoad (0ms)
				EditorAssembliesLoaded (0ms)
			ExecutionOrderSort2 (0ms)
			AwakeInstancesAfterBackupRestoration (0ms)
Platform modules already initialized, skipping
Registering precompiled user dll's ...
Registered in 0.005255 seconds.
Begin MonoManager ReloadAssembly
Native extension for WindowsStandalone target not found
Refreshing native plugins compatible for Editor in 0.44 ms, found 2 plugins.
Preloading 0 native plugins for Editor in 0.00 ms.
Mono: successfully reloaded assembly
- Completed reload, in  1.034 seconds
Domain Reload Profiling:
	ReloadAssembly (1035ms)
		BeginReloadAssembly (150ms)
			ExecutionOrderSort (0ms)
			DisableScriptedObjects (5ms)
			BackupInstance (0ms)
			ReleaseScriptingObjects (0ms)
			CreateAndSetChildDomain (18ms)
		EndReloadAssembly (823ms)
			LoadAssemblies (92ms)
			RebuildTransferFunctionScriptingTraits (0ms)
			SetupTypeCache (288ms)
			ReleaseScriptCaches (0ms)
			RebuildScriptCaches (48ms)
			SetupLoadedEditorAssemblies (301ms)
				LogAssemblyErrors (0ms)
				InitializePlatformSupportModulesInManaged (5ms)
				SetLoadedEditorAssemblies (0ms)
				RefreshPlugins (0ms)
				BeforeProcessingInitializeOnLoad (78ms)
				ProcessInitializeOnLoadAttributes (210ms)
				ProcessInitializeOnLoadMethodAttributes (5ms)
				AfterProcessingInitializeOnLoad (3ms)
				EditorAssembliesLoaded (0ms)
			ExecutionOrderSort2 (0ms)
			AwakeInstancesAfterBackupRestoration (7ms)
Platform modules already initialized, skipping
========================================================================
Worker process is ready to serve import requests
Launched and connected shader compiler UnityShaderCompiler.exe after 0.06 seconds
Refreshing native plugins compatible for Editor in 0.47 ms, found 2 plugins.
Preloading 0 native plugins for Editor in 0.00 ms.
Unloading 1553 Unused Serialized files (Serialized files now loaded: 0)
System memory in use before: 98.7 MB.
System memory in use after: 98.7 MB.

Unloading 19 unused Assets to reduce memory usage. Loaded Objects now: 2026.
Total: 2.119700 ms (FindLiveObjects: 0.200700 ms CreateObjectMapping: 0.037000 ms MarkObjects: 1.762200 ms  DeleteObjects: 0.118500 ms)

AssetImportParameters requested are different than current active one (requested -> active):
  custom:framework-win-MediaFoundation: 216162199b28c13a410421893ffa2e32 -> 
  custom:video-decoder-ogg-theora: a1e56fd34408186e4bbccfd4996cb3dc -> 
  custom:container-muxer-webm: aa71ff27fc2769a1b78a27578f13a17b -> 
  custom:container-demuxer-webm: 4f35f7cbe854078d1ac9338744f61a02 -> 
  custom:container-demuxer-ogg: 62fdf1f143b41e24485cea50d1cbac27 -> 
  custom:video-encoder-webm-vp8: eb34c28f22e8b96e1ab97ce403110664 -> 
  custom:video-decoder-webm-vp8: 9c59270c3fd7afecdb556c50c9e8de78 -> 
  custom:audio-decoder-ogg-vorbis: bf7c407c2cedff20999df2af8eb42d56 -> 
  custom:audio-encoder-webm-vorbis: bf7c407c2cedff20999df2af8eb42d56 -> 
========================================================================
Received Import Request.
  path: Assets/Imported assets/_DLNK/Reaper MachineGun/Source
  artifactKey: Guid(4ab64a052eee28444a2a8e184c28653c) Importer(815301076,1909f56bfc062723c751e8b465ee728b)
Start importing Assets/Imported assets/_DLNK/Reaper MachineGun/Source using Guid(4ab64a052eee28444a2a8e184c28653c) Importer(815301076,1909f56bfc062723c751e8b465ee728b)  -> (artifact id: '2179abf76581f71652e12d7aec42ada0') in 0.014620 seconds 
  Import took 0.017189 seconds .

========================================================================
Received Import Request.
  Time since last request: 0.887276 seconds.
  path: Assets/Imported assets/_DLNK/Reaper MachineGun/Source/Textures
  artifactKey: Guid(8ada86b92da085c4bb1cc9b99149212d) Importer(815301076,1909f56bfc062723c751e8b465ee728b)
Start importing Assets/Imported assets/_DLNK/Reaper MachineGun/Source/Textures using Guid(8ada86b92da085c4bb1cc9b99149212d) Importer(815301076,1909f56bfc062723c751e8b465ee728b)  -> (artifact id: 'fd9bde2b9a1c5777145a713285c635ce') in 0.011932 seconds 
  Import took 0.014567 seconds .

========================================================================
Received Import Request.
  Time since last request: 0.065371 seconds.
  path: Assets/Imported assets/_DLNK/Reaper MachineGun/Source/Textures/detail 1.jpg
  artifactKey: Guid(85b58daf8b2ac0a43b05e5c0e5e056e9) Importer(815301076,1909f56bfc062723c751e8b465ee728b)
Start importing Assets/Imported assets/_DLNK/Reaper MachineGun/Source/Textures/detail 1.jpg using Guid(85b58daf8b2ac0a43b05e5c0e5e056e9) Importer(815301076,1909f56bfc062723c751e8b465ee728b)  -> (artifact id: '53c482230da3d980c027065902aba673') in 0.232024 seconds 
  Import took 0.234774 seconds .

========================================================================
Received Import Request.
  Time since last request: 0.000193 seconds.
  path: Assets/Imported assets/_DLNK/Reaper MachineGun/Source/Textures/LOWdisplace.PSD
  artifactKey: Guid(6c2d6c38f1199a34d9dc7cc937ec46cb) Importer(815301076,1909f56bfc062723c751e8b465ee728b)
Start importing Assets/Imported assets/_DLNK/Reaper MachineGun/Source/Textures/LOWdisplace.PSD using Guid(6c2d6c38f1199a34d9dc7cc937ec46cb) Importer(815301076,1909f56bfc062723c751e8b465ee728b)  -> (artifact id: '0fe7b4c60c2477efc8466cbf969c67d7') in 0.039657 seconds 
  Import took 0.042357 seconds .

========================================================================
Received Import Request.
  Time since last request: 0.000258 seconds.
  path: Assets/Imported assets/_DLNK/Reaper MachineGun/Source/Textures/SimpleReflection.cubemap
  artifactKey: Guid(9b2d3ffa79837de4eb9a3cc995c07db3) Importer(815301076,1909f56bfc062723c751e8b465ee728b)
Start importing Assets/Imported assets/_DLNK/Reaper MachineGun/Source/Textures/SimpleReflection.cubemap using Guid(9b2d3ffa79837de4eb9a3cc995c07db3) Importer(815301076,1909f56bfc062723c751e8b465ee728b)  -> (artifact id: '33203d2e8fddc5d720954737eb757f60') in 0.089612 seconds 
  Import took 0.092308 seconds .

========================================================================
Received Import Request.
  Time since last request: 0.000235 seconds.
  path: Assets/Imported assets/_DLNK/Reaper MachineGun/Source/Textures/gun_fire.png
  artifactKey: Guid(a59c98aa395dcdb4fbcdd26932c86b4a) Importer(815301076,1909f56bfc062723c751e8b465ee728b)
Start importing Assets/Imported assets/_DLNK/Reaper MachineGun/Source/Textures/gun_fire.png using Guid(a59c98aa395dcdb4fbcdd26932c86b4a) Importer(815301076,1909f56bfc062723c751e8b465ee728b)  -> (artifact id: 'ac3d4acb1c8a3ff3ea3101a58e4fea18') in 0.033850 seconds 
  Import took 0.036394 seconds .

========================================================================
Received Import Request.
  Time since last request: 0.000198 seconds.
  path: Assets/Imported assets/_DLNK/Reaper MachineGun/Source/Textures/focus.png
  artifactKey: Guid(c081210c51f6283449277244f659ec13) Importer(815301076,1909f56bfc062723c751e8b465ee728b)
Start importing Assets/Imported assets/_DLNK/Reaper MachineGun/Source/Textures/focus.png using Guid(c081210c51f6283449277244f659ec13) Importer(815301076,1909f56bfc062723c751e8b465ee728b)  -> (artifact id: 'c4fd497661c7b9904648d10999394b60') in 0.036025 seconds 
  Import took 0.038386 seconds .

========================================================================
Received Import Request.
  Time since last request: 0.000205 seconds.
  path: Assets/Imported assets/_DLNK/Reaper MachineGun/Source/Textures/LOWcolor.jpg
  artifactKey: Guid(fbcb9036b3fd1ce4abd60f64f27b6a14) Importer(815301076,1909f56bfc062723c751e8b465ee728b)
Start importing Assets/Imported assets/_DLNK/Reaper MachineGun/Source/Textures/LOWcolor.jpg using Guid(fbcb9036b3fd1ce4abd60f64f27b6a14) Importer(815301076,1909f56bfc062723c751e8b465ee728b)  -> (artifact id: '43c66064a2434a8c28fbc52e5a89f879') in 0.029334 seconds 
  Import took 0.031815 seconds .

========================================================================
Received Import Request.
  Time since last request: 0.000187 seconds.
  path: Assets/Imported assets/_DLNK/Reaper MachineGun/Source/Textures/LOWnormal.PSD
  artifactKey: Guid(37ddb09aaaee82d45a605e7d8431a4eb) Importer(815301076,1909f56bfc062723c751e8b465ee728b)
Start importing Assets/Imported assets/_DLNK/Reaper MachineGun/Source/Textures/LOWnormal.PSD using Guid(37ddb09aaaee82d45a605e7d8431a4eb) Importer(815301076,1909f56bfc062723c751e8b465ee728b)  -> (artifact id: 'aa8ca3d44c36b5249e316a0034cdd9bc') in 0.031325 seconds 
  Import took 0.033848 seconds .

========================================================================
Received Import Request.
  Time since last request: 0.000179 seconds.
  path: Assets/Imported assets/_DLNK/Reaper MachineGun/Source/Textures/particle_light.psd
  artifactKey: Guid(a286827126d38b842ab2709102b40726) Importer(815301076,1909f56bfc062723c751e8b465ee728b)
Start importing Assets/Imported assets/_DLNK/Reaper MachineGun/Source/Textures/particle_light.psd using Guid(a286827126d38b842ab2709102b40726) Importer(815301076,1909f56bfc062723c751e8b465ee728b)  -> (artifact id: '587259d0b668bd55ee7c4084fe1cb73f') in 0.024130 seconds 
  Import took 0.026748 seconds .

========================================================================
Received Import Request.
  Time since last request: 0.000261 seconds.
  path: Assets/Imported assets/_DLNK/Reaper MachineGun/Source/Textures/detail.jpg
  artifactKey: Guid(f720a0bff62e41047a08c9f42ad3efb6) Importer(815301076,1909f56bfc062723c751e8b465ee728b)
Start importing Assets/Imported assets/_DLNK/Reaper MachineGun/Source/Textures/detail.jpg using Guid(f720a0bff62e41047a08c9f42ad3efb6) Importer(815301076,1909f56bfc062723c751e8b465ee728b)  -> (artifact id: '00705980901206792cf85aee9a75158f') in 0.022623 seconds 
  Import took 0.025627 seconds .

========================================================================
Received Import Request.
  Time since last request: 0.000250 seconds.
  path: Assets/Imported assets/_DLNK/Reaper MachineGun/Source/Textures/gun_logo.psd
  artifactKey: Guid(43935f26527cc8d478edef33b59f3488) Importer(815301076,1909f56bfc062723c751e8b465ee728b)
Start importing Assets/Imported assets/_DLNK/Reaper MachineGun/Source/Textures/gun_logo.psd using Guid(43935f26527cc8d478edef33b59f3488) Importer(815301076,1909f56bfc062723c751e8b465ee728b)  -> (artifact id: 'faa77c931a48bf8ef892e91df20b63a5') in 0.012354 seconds 
  Import took 0.014961 seconds .

========================================================================
Received Import Request.
  Time since last request: 0.000195 seconds.
  path: Assets/Imported assets/_DLNK/Reaper MachineGun/Source/Textures/LOWcolor.PSD
  artifactKey: Guid(1fcf63090bd26e440a9509763c4dc11a) Importer(815301076,1909f56bfc062723c751e8b465ee728b)
Start importing Assets/Imported assets/_DLNK/Reaper MachineGun/Source/Textures/LOWcolor.PSD using Guid(1fcf63090bd26e440a9509763c4dc11a) Importer(815301076,1909f56bfc062723c751e8b465ee728b)  -> (artifact id: '464e30997a0a548dc6ef207c737a87cb') in 0.049881 seconds 
  Import took 0.052498 seconds .

========================================================================
Received Import Request.
  Time since last request: 0.000187 seconds.
  path: Assets/Imported assets/_DLNK/Reaper MachineGun/Source/Textures/reaper_mesh_RC5600_d2.cubemap
  artifactKey: Guid(7dc3131c72960cd4a99b41ffa5b3433a) Importer(815301076,1909f56bfc062723c751e8b465ee728b)
Start importing Assets/Imported assets/_DLNK/Reaper MachineGun/Source/Textures/reaper_mesh_RC5600_d2.cubemap using Guid(7dc3131c72960cd4a99b41ffa5b3433a) Importer(815301076,1909f56bfc062723c751e8b465ee728b)  -> (artifact id: '52b1e4fd5a03645f27597c07e7d44742') in 0.019402 seconds 
  Import took 0.021879 seconds .

========================================================================
Received Import Request.
  Time since last request: 0.000240 seconds.
  path: Assets/Imported assets/_DLNK/Reaper MachineGun/Source/Textures/gun_advertise.psd
  artifactKey: Guid(eedd2dbe43d3e64408950a87f3902495) Importer(815301076,1909f56bfc062723c751e8b465ee728b)
Start importing Assets/Imported assets/_DLNK/Reaper MachineGun/Source/Textures/gun_advertise.psd using Guid(eedd2dbe43d3e64408950a87f3902495) Importer(815301076,1909f56bfc062723c751e8b465ee728b)  -> (artifact id: '7356d48822558e211e6b9189c6738a60') in 0.010174 seconds 
  Import took 0.012970 seconds .

========================================================================
Received Import Request.
  Time since last request: 21.668823 seconds.
  path: Assets/Imported assets/_DLNK/Reaper MachineGun/Source/Textures/XN
  artifactKey: Guid(af1849b9e7cd8d343bdb186899ceaae9) Importer(815301076,1909f56bfc062723c751e8b465ee728b)
Start importing Assets/Imported assets/_DLNK/Reaper MachineGun/Source/Textures/XN using Guid(af1849b9e7cd8d343bdb186899ceaae9) Importer(815301076,1909f56bfc062723c751e8b465ee728b)  -> (artifact id: '36aa2714d43df476674a57382e684eba') in 0.007189 seconds 
  Import took 0.009749 seconds .

========================================================================
Received Import Request.
  Time since last request: 0.229343 seconds.
  path: Assets/Imported assets/_DLNK/Reaper MachineGun/Source/Textures/XN/color.jpg
  artifactKey: Guid(7dc1737f95d30794aac19e206d7afc3a) Importer(815301076,1909f56bfc062723c751e8b465ee728b)
Start importing Assets/Imported assets/_DLNK/Reaper MachineGun/Source/Textures/XN/color.jpg using Guid(7dc1737f95d30794aac19e206d7afc3a) Importer(815301076,1909f56bfc062723c751e8b465ee728b)  -> (artifact id: '97d07a77013a336ea3d0fe97d010f638') in 0.023329 seconds 
  Import took 0.026008 seconds .

========================================================================
Received Import Request.
  Time since last request: 0.000193 seconds.
  path: Assets/Imported assets/_DLNK/Reaper MachineGun/Source/Textures/XN/refmask.jpg
  artifactKey: Guid(e6a4da64e0214804e9264634b9db5d1d) Importer(815301076,1909f56bfc062723c751e8b465ee728b)
Start importing Assets/Imported assets/_DLNK/Reaper MachineGun/Source/Textures/XN/refmask.jpg using Guid(e6a4da64e0214804e9264634b9db5d1d) Importer(815301076,1909f56bfc062723c751e8b465ee728b)  -> (artifact id: '6d93fd8f3d5546c3e9a85af203c9f83a') in 0.023290 seconds 
  Import took 0.026080 seconds .

========================================================================
Received Import Request.
  Time since last request: 0.000183 seconds.
  path: Assets/Imported assets/_DLNK/Reaper MachineGun/Source/Textures/XN/colormask2.jpg
  artifactKey: Guid(2612b25f37193f943933036fbee6e945) Importer(815301076,1909f56bfc062723c751e8b465ee728b)
Start importing Assets/Imported assets/_DLNK/Reaper MachineGun/Source/Textures/XN/colormask2.jpg using Guid(2612b25f37193f943933036fbee6e945) Importer(815301076,1909f56bfc062723c751e8b465ee728b)  -> (artifact id: '20f291f81e2905fa35d2b1f82a8f6410') in 0.035371 seconds 
  Import took 0.037697 seconds .

========================================================================
Received Import Request.
  Time since last request: 0.000197 seconds.
  path: Assets/Imported assets/_DLNK/Reaper MachineGun/Source/Textures/XN/Reaper_normals.jpg
  artifactKey: Guid(664ff6c077e8fbb4fab0a2d4005a9870) Importer(815301076,1909f56bfc062723c751e8b465ee728b)
Start importing Assets/Imported assets/_DLNK/Reaper MachineGun/Source/Textures/XN/Reaper_normals.jpg using Guid(664ff6c077e8fbb4fab0a2d4005a9870) Importer(815301076,1909f56bfc062723c751e8b465ee728b)  -> (artifact id: 'bb9b6180ddec0d8cdce965db46991b9b') in 0.039178 seconds 
  Import took 0.041829 seconds .

========================================================================
Received Import Request.
  Time since last request: 0.000179 seconds.
  path: Assets/Imported assets/_DLNK/Reaper MachineGun/Source/Textures/XN/Reaper_heights.jpg
  artifactKey: Guid(bcf65833c828c1b4b9c69601c6f32feb) Importer(815301076,1909f56bfc062723c751e8b465ee728b)
Start importing Assets/Imported assets/_DLNK/Reaper MachineGun/Source/Textures/XN/Reaper_heights.jpg using Guid(bcf65833c828c1b4b9c69601c6f32feb) Importer(815301076,1909f56bfc062723c751e8b465ee728b)  -> (artifact id: 'd0077b08b1e1d9aefde7c76d747092f1') in 0.023192 seconds 
  Import took 0.025763 seconds .

========================================================================
Received Import Request.
  Time since last request: 0.000202 seconds.
  path: Assets/Imported assets/_DLNK/Reaper MachineGun/Source/Textures/XN/Reaper_translucency.jpg
  artifactKey: Guid(3065507fd3995b041bc1dac0fe15e5ac) Importer(815301076,1909f56bfc062723c751e8b465ee728b)
Start importing Assets/Imported assets/_DLNK/Reaper MachineGun/Source/Textures/XN/Reaper_translucency.jpg using Guid(3065507fd3995b041bc1dac0fe15e5ac) Importer(815301076,1909f56bfc062723c751e8b465ee728b)  -> (artifact id: '53e1209c27607fe350c7c144ec59adfc') in 0.023492 seconds 
  Import took 0.026146 seconds .

========================================================================
Received Import Request.
  Time since last request: 0.000151 seconds.
  path: Assets/Imported assets/_DLNK/Reaper MachineGun/Source/Textures/XN/gloss.jpg
  artifactKey: Guid(129fc1f8104d8c9489e075097cf9c8f3) Importer(815301076,1909f56bfc062723c751e8b465ee728b)
Start importing Assets/Imported assets/_DLNK/Reaper MachineGun/Source/Textures/XN/gloss.jpg using Guid(129fc1f8104d8c9489e075097cf9c8f3) Importer(815301076,1909f56bfc062723c751e8b465ee728b)  -> (artifact id: '14c66736b1cdd4c5bc2e6e4e207d3cb5') in 0.025192 seconds 
  Import took 0.027791 seconds .

========================================================================
Received Import Request.
  Time since last request: 0.000157 seconds.
  path: Assets/Imported assets/_DLNK/Reaper MachineGun/Source/Textures/XN/color00.jpg
  artifactKey: Guid(28b44fe415626f04bae55eda40b5b709) Importer(815301076,1909f56bfc062723c751e8b465ee728b)
Start importing Assets/Imported assets/_DLNK/Reaper MachineGun/Source/Textures/XN/color00.jpg using Guid(28b44fe415626f04bae55eda40b5b709) Importer(815301076,1909f56bfc062723c751e8b465ee728b)  -> (artifact id: '83c9856acced31f0d1c10a9cfabb97c1') in 0.017037 seconds 
  Import took 0.019553 seconds .

========================================================================
Received Import Request.
  Time since last request: 0.000187 seconds.
  path: Assets/Imported assets/_DLNK/Reaper MachineGun/Source/Textures/XN/colormask.jpg
  artifactKey: Guid(d23a205e8e7eaae4fada572621f48c63) Importer(815301076,1909f56bfc062723c751e8b465ee728b)
Start importing Assets/Imported assets/_DLNK/Reaper MachineGun/Source/Textures/XN/colormask.jpg using Guid(d23a205e8e7eaae4fada572621f48c63) Importer(815301076,1909f56bfc062723c751e8b465ee728b)  -> (artifact id: 'da223fb32f8a94b0c9dcb8ce3536637f') in 0.022465 seconds 
  Import took 0.024966 seconds .

========================================================================
Received Import Request.
  Time since last request: 0.000172 seconds.
  path: Assets/Imported assets/_DLNK/Reaper MachineGun/Source/Textures/XN/specular.jpg
  artifactKey: Guid(85dec4e3f7c8b4e49b9136df7435be36) Importer(815301076,1909f56bfc062723c751e8b465ee728b)
Start importing Assets/Imported assets/_DLNK/Reaper MachineGun/Source/Textures/XN/specular.jpg using Guid(85dec4e3f7c8b4e49b9136df7435be36) Importer(815301076,1909f56bfc062723c751e8b465ee728b)  -> (artifact id: '35d465514a916ba2c76689b972e90564') in 0.036813 seconds 
  Import took 0.039206 seconds .

========================================================================
Received Import Request.
  Time since last request: 0.000164 seconds.
  path: Assets/Imported assets/_DLNK/Reaper MachineGun/Source/Textures/XN/Reaper_cavity.jpg
  artifactKey: Guid(96866b12f62644b46b68fad0874b963e) Importer(815301076,1909f56bfc062723c751e8b465ee728b)
Start importing Assets/Imported assets/_DLNK/Reaper MachineGun/Source/Textures/XN/Reaper_cavity.jpg using Guid(96866b12f62644b46b68fad0874b963e) Importer(815301076,1909f56bfc062723c751e8b465ee728b)  -> (artifact id: '537ba6d1d8a72c55cfa8a7af413b4759') in 0.024256 seconds 
  Import took 0.026589 seconds .

========================================================================
Received Import Request.
  Time since last request: 0.000160 seconds.
  path: Assets/Imported assets/_DLNK/Reaper MachineGun/Source/Textures/XN/Metalness.jpg
  artifactKey: Guid(8239f450f03b51844be4dde3afc3467c) Importer(815301076,1909f56bfc062723c751e8b465ee728b)
Start importing Assets/Imported assets/_DLNK/Reaper MachineGun/Source/Textures/XN/Metalness.jpg using Guid(8239f450f03b51844be4dde3afc3467c) Importer(815301076,1909f56bfc062723c751e8b465ee728b)  -> (artifact id: '3454c3d361bff19ff0c90e5397e32d38') in 0.024350 seconds 
  Import took 0.026816 seconds .

========================================================================
Received Import Request.
  Time since last request: 0.000242 seconds.
  path: Assets/Imported assets/_DLNK/Reaper MachineGun/Source/Textures/XN/Reaper_occlusion.jpg
  artifactKey: Guid(621852c45df67e74ebc056970f0fc5fd) Importer(815301076,1909f56bfc062723c751e8b465ee728b)
Start importing Assets/Imported assets/_DLNK/Reaper MachineGun/Source/Textures/XN/Reaper_occlusion.jpg using Guid(621852c45df67e74ebc056970f0fc5fd) Importer(815301076,1909f56bfc062723c751e8b465ee728b)  -> (artifact id: '36ce141eb06fe4b84e9cbf7a0a632381') in 0.023116 seconds 
  Import took 0.025823 seconds .

========================================================================
Received Import Request.
  Time since last request: 0.001320 seconds.
  path: Assets/Imported assets/_DLNK/Reaper MachineGun/Source/Textures/XN/Reaper_occlusion.jpg
  artifactKey: Guid(621852c45df67e74ebc056970f0fc5fd) Importer(815301076,1909f56bfc062723c751e8b465ee728b)
Start importing Assets/Imported assets/_DLNK/Reaper MachineGun/Source/Textures/XN/Reaper_occlusion.jpg using Guid(621852c45df67e74ebc056970f0fc5fd) Importer(815301076,1909f56bfc062723c751e8b465ee728b)  -> (artifact id: '36ce141eb06fe4b84e9cbf7a0a632381') in 0.011568 seconds 
  Import took 0.013981 seconds .

========================================================================
Received Import Request.
  Time since last request: 72.075995 seconds.
  path: Assets/Scenes/Map_v1.unity
  artifactKey: Guid(5a463281e6e238742a45430f11e82829) Importer(815301076,1909f56bfc062723c751e8b465ee728b)
Start importing Assets/Scenes/Map_v1.unity using Guid(5a463281e6e238742a45430f11e82829) Importer(815301076,1909f56bfc062723c751e8b465ee728b)  -> (artifact id: '6f29127bad383248c43f15724786fa62') in 0.009771 seconds 
  Import took 0.013843 seconds .

========================================================================
Received Import Request.
  Time since last request: 43.316564 seconds.
  path: Assets/Scenes/HomeWork7.unity
  artifactKey: Guid(5a463281e6e238742a45430f11e82829) Importer(815301076,1909f56bfc062723c751e8b465ee728b)
Start importing Assets/Scenes/HomeWork7.unity using Guid(5a463281e6e238742a45430f11e82829) Importer(815301076,1909f56bfc062723c751e8b465ee728b)  -> (artifact id: '6ba29859c37d689293ad2e02f29e24d0') in 0.008186 seconds 
  Import took 0.010988 seconds .

========================================================================
Received Import Request.
  Time since last request: 11.152457 seconds.
  path: Assets/Scenes/SampleScene.unity
  artifactKey: Guid(9fc0d4010bbf28b4594072e72b8655ab) Importer(815301076,1909f56bfc062723c751e8b465ee728b)
Start importing Assets/Scenes/SampleScene.unity using Guid(9fc0d4010bbf28b4594072e72b8655ab) Importer(815301076,1909f56bfc062723c751e8b465ee728b)  -> (artifact id: 'b0d20ad44be93d27e8d230ffcc646ef1') in 0.007229 seconds 
  Import took 0.010023 seconds .

========================================================================
Received Import Request.
  Time since last request: 0.000384 seconds.
  path: Assets/Scenes/SampleScene.unity
  artifactKey: Guid(9fc0d4010bbf28b4594072e72b8655ab) Importer(815301076,1909f56bfc062723c751e8b465ee728b)
Start importing Assets/Scenes/SampleScene.unity using Guid(9fc0d4010bbf28b4594072e72b8655ab) Importer(815301076,1909f56bfc062723c751e8b465ee728b)  -> (artifact id: 'b0d20ad44be93d27e8d230ffcc646ef1') in 0.002744 seconds 
  Import took 0.005374 seconds .

========================================================================
Received Prepare
Registering precompiled user dll's ...
Registered in 0.004583 seconds.
Begin MonoManager ReloadAssembly
Native extension for WindowsStandalone target not found
Refreshing native plugins compatible for Editor in 0.44 ms, found 2 plugins.
Preloading 0 native plugins for Editor in 0.00 ms.
Mono: successfully reloaded assembly
- Completed reload, in  0.919 seconds
Domain Reload Profiling:
	ReloadAssembly (919ms)
		BeginReloadAssembly (109ms)
			ExecutionOrderSort (0ms)
			DisableScriptedObjects (5ms)
			BackupInstance (0ms)
			ReleaseScriptingObjects (0ms)
			CreateAndSetChildDomain (29ms)
		EndReloadAssembly (751ms)
			LoadAssemblies (82ms)
			RebuildTransferFunctionScriptingTraits (0ms)
			SetupTypeCache (265ms)
			ReleaseScriptCaches (1ms)
			RebuildScriptCaches (37ms)
			SetupLoadedEditorAssemblies (264ms)
				LogAssemblyErrors (0ms)
				InitializePlatformSupportModulesInManaged (5ms)
				SetLoadedEditorAssemblies (0ms)
				RefreshPlugins (0ms)
				BeforeProcessingInitializeOnLoad (66ms)
				ProcessInitializeOnLoadAttributes (185ms)
				ProcessInitializeOnLoadMethodAttributes (4ms)
				AfterProcessingInitializeOnLoad (3ms)
				EditorAssembliesLoaded (0ms)
			ExecutionOrderSort2 (0ms)
			AwakeInstancesAfterBackupRestoration (7ms)
Platform modules already initialized, skipping
Refreshing native plugins compatible for Editor in 0.46 ms, found 2 plugins.
Preloading 0 native plugins for Editor in 0.00 ms.
Unloading 1504 Unused Serialized files (Serialized files now loaded: 0)
System memory in use before: 97.7 MB.
System memory in use after: 97.8 MB.

Unloading 14 unused Assets to reduce memory usage. Loaded Objects now: 2066.
Total: 1.922400 ms (FindLiveObjects: 0.172600 ms CreateObjectMapping: 0.035900 ms MarkObjects: 1.636700 ms  DeleteObjects: 0.076100 ms)

AssetImportParameters requested are different than current active one (requested -> active):
  custom:framework-win-MediaFoundation: 216162199b28c13a410421893ffa2e32 -> 
  custom:video-decoder-ogg-theora: a1e56fd34408186e4bbccfd4996cb3dc -> 
  custom:container-muxer-webm: aa71ff27fc2769a1b78a27578f13a17b -> 
  custom:container-demuxer-webm: 4f35f7cbe854078d1ac9338744f61a02 -> 
  custom:container-demuxer-ogg: 62fdf1f143b41e24485cea50d1cbac27 -> 
  custom:video-encoder-webm-vp8: eb34c28f22e8b96e1ab97ce403110664 -> 
  custom:video-decoder-webm-vp8: 9c59270c3fd7afecdb556c50c9e8de78 -> 
  custom:audio-decoder-ogg-vorbis: bf7c407c2cedff20999df2af8eb42d56 -> 
  custom:audio-encoder-webm-vorbis: bf7c407c2cedff20999df2af8eb42d56 -> 
AssetImportWorkerClient::OnTransportError - code=2 error=End of file
